<?xml version="1.0" encoding="UTF-8"?>
<testsuite xmlns:xsi="http://www.w3.org/2001/XMLSchema-instance" xsi:noNamespaceSchemaLocation="https://maven.apache.org/surefire/maven-surefire-plugin/xsd/surefire-test-report-3.0.xsd" version="3.0" name="com.example.AIGen.AiGenApplicationTests" time="6.455" tests="1" errors="0" skipped="0" failures="0">
  <properties>
    <property name="java.specification.version" value="17"/>
    <property name="sun.jnu.encoding" value="UTF-8"/>
    <property name="java.class.path" value="/Users/ferdaous/Desktop/Dev/Jems-Dev/JEMS AO/jemsao-backend/target/test-classes:/Users/ferdaous/Desktop/Dev/Jems-Dev/JEMS AO/jemsao-backend/target/classes:/Users/ferdaous/.m2/repository/org/springframework/boot/spring-boot-starter-data-mongodb/3.2.6/spring-boot-starter-data-mongodb-3.2.6.jar:/Users/ferdaous/.m2/repository/org/springframework/boot/spring-boot-starter/3.2.6/spring-boot-starter-3.2.6.jar:/Users/ferdaous/.m2/repository/org/springframework/boot/spring-boot-starter-logging/3.2.6/spring-boot-starter-logging-3.2.6.jar:/Users/ferdaous/.m2/repository/ch/qos/logback/logback-classic/1.4.14/logback-classic-1.4.14.jar:/Users/ferdaous/.m2/repository/ch/qos/logback/logback-core/1.4.14/logback-core-1.4.14.jar:/Users/ferdaous/.m2/repository/org/apache/logging/log4j/log4j-to-slf4j/2.21.1/log4j-to-slf4j-2.21.1.jar:/Users/ferdaous/.m2/repository/org/slf4j/jul-to-slf4j/2.0.13/jul-to-slf4j-2.0.13.jar:/Users/ferdaous/.m2/repository/jakarta/annotation/jakarta.annotation-api/2.1.1/jakarta.annotation-api-2.1.1.jar:/Users/ferdaous/.m2/repository/org/yaml/snakeyaml/2.2/snakeyaml-2.2.jar:/Users/ferdaous/.m2/repository/org/mongodb/mongodb-driver-sync/4.11.2/mongodb-driver-sync-4.11.2.jar:/Users/ferdaous/.m2/repository/org/mongodb/bson/4.11.2/bson-4.11.2.jar:/Users/ferdaous/.m2/repository/org/mongodb/mongodb-driver-core/4.11.2/mongodb-driver-core-4.11.2.jar:/Users/ferdaous/.m2/repository/org/mongodb/bson-record-codec/4.11.2/bson-record-codec-4.11.2.jar:/Users/ferdaous/.m2/repository/org/springframework/data/spring-data-mongodb/4.2.6/spring-data-mongodb-4.2.6.jar:/Users/ferdaous/.m2/repository/org/springframework/spring-tx/6.1.8/spring-tx-6.1.8.jar:/Users/ferdaous/.m2/repository/org/springframework/spring-context/6.1.8/spring-context-6.1.8.jar:/Users/ferdaous/.m2/repository/org/springframework/spring-beans/6.1.8/spring-beans-6.1.8.jar:/Users/ferdaous/.m2/repository/org/springframework/spring-expression/6.1.8/spring-expression-6.1.8.jar:/Users/ferdaous/.m2/repository/org/springframework/data/spring-data-commons/3.2.6/spring-data-commons-3.2.6.jar:/Users/ferdaous/.m2/repository/org/springframework/boot/spring-boot-starter-security/3.2.6/spring-boot-starter-security-3.2.6.jar:/Users/ferdaous/.m2/repository/org/springframework/spring-aop/6.1.8/spring-aop-6.1.8.jar:/Users/ferdaous/.m2/repository/org/springframework/security/spring-security-config/6.2.4/spring-security-config-6.2.4.jar:/Users/ferdaous/.m2/repository/org/springframework/security/spring-security-web/6.2.4/spring-security-web-6.2.4.jar:/Users/ferdaous/.m2/repository/org/springframework/boot/spring-boot-starter-web/3.2.6/spring-boot-starter-web-3.2.6.jar:/Users/ferdaous/.m2/repository/org/springframework/boot/spring-boot-starter-json/3.2.6/spring-boot-starter-json-3.2.6.jar:/Users/ferdaous/.m2/repository/com/fasterxml/jackson/datatype/jackson-datatype-jdk8/2.15.4/jackson-datatype-jdk8-2.15.4.jar:/Users/ferdaous/.m2/repository/com/fasterxml/jackson/datatype/jackson-datatype-jsr310/2.15.4/jackson-datatype-jsr310-2.15.4.jar:/Users/ferdaous/.m2/repository/com/fasterxml/jackson/module/jackson-module-parameter-names/2.15.4/jackson-module-parameter-names-2.15.4.jar:/Users/ferdaous/.m2/repository/org/springframework/boot/spring-boot-starter-tomcat/3.2.6/spring-boot-starter-tomcat-3.2.6.jar:/Users/ferdaous/.m2/repository/org/apache/tomcat/embed/tomcat-embed-core/10.1.24/tomcat-embed-core-10.1.24.jar:/Users/ferdaous/.m2/repository/org/apache/tomcat/embed/tomcat-embed-websocket/10.1.24/tomcat-embed-websocket-10.1.24.jar:/Users/ferdaous/.m2/repository/org/springframework/spring-web/6.1.8/spring-web-6.1.8.jar:/Users/ferdaous/.m2/repository/io/micrometer/micrometer-observation/1.12.6/micrometer-observation-1.12.6.jar:/Users/ferdaous/.m2/repository/io/micrometer/micrometer-commons/1.12.6/micrometer-commons-1.12.6.jar:/Users/ferdaous/.m2/repository/org/springframework/spring-webmvc/6.1.8/spring-webmvc-6.1.8.jar:/Users/ferdaous/.m2/repository/org/apache/poi/poi-ooxml/5.3.0/poi-ooxml-5.3.0.jar:/Users/ferdaous/.m2/repository/org/apache/poi/poi/5.3.0/poi-5.3.0.jar:/Users/ferdaous/.m2/repository/commons-codec/commons-codec/1.16.1/commons-codec-1.16.1.jar:/Users/ferdaous/.m2/repository/org/apache/commons/commons-math3/3.6.1/commons-math3-3.6.1.jar:/Users/ferdaous/.m2/repository/com/zaxxer/SparseBitSet/1.3/SparseBitSet-1.3.jar:/Users/ferdaous/.m2/repository/org/apache/poi/poi-ooxml-lite/5.3.0/poi-ooxml-lite-5.3.0.jar:/Users/ferdaous/.m2/repository/org/apache/xmlbeans/xmlbeans/5.2.1/xmlbeans-5.2.1.jar:/Users/ferdaous/.m2/repository/org/apache/commons/commons-compress/1.26.2/commons-compress-1.26.2.jar:/Users/ferdaous/.m2/repository/commons-io/commons-io/2.16.1/commons-io-2.16.1.jar:/Users/ferdaous/.m2/repository/com/github/virtuald/curvesapi/1.08/curvesapi-1.08.jar:/Users/ferdaous/.m2/repository/org/apache/logging/log4j/log4j-api/2.21.1/log4j-api-2.21.1.jar:/Users/ferdaous/.m2/repository/org/apache/commons/commons-collections4/4.4/commons-collections4-4.4.jar:/Users/ferdaous/.m2/repository/org/apache/pdfbox/pdfbox/3.0.2/pdfbox-3.0.2.jar:/Users/ferdaous/.m2/repository/org/apache/pdfbox/pdfbox-io/3.0.2/pdfbox-io-3.0.2.jar:/Users/ferdaous/.m2/repository/org/apache/pdfbox/fontbox/3.0.2/fontbox-3.0.2.jar:/Users/ferdaous/.m2/repository/commons-logging/commons-logging/1.3.0/commons-logging-1.3.0.jar:/Users/ferdaous/.m2/repository/org/projectlombok/lombok/1.18.32/lombok-1.18.32.jar:/Users/ferdaous/.m2/repository/org/json/json/20210307/json-20210307.jar:/Users/ferdaous/.m2/repository/org/springframework/boot/spring-boot-starter-thymeleaf/3.2.6/spring-boot-starter-thymeleaf-3.2.6.jar:/Users/ferdaous/.m2/repository/org/thymeleaf/thymeleaf-spring6/3.1.2.RELEASE/thymeleaf-spring6-3.1.2.RELEASE.jar:/Users/ferdaous/.m2/repository/org/thymeleaf/thymeleaf/3.1.2.RELEASE/thymeleaf-3.1.2.RELEASE.jar:/Users/ferdaous/.m2/repository/org/attoparser/attoparser/2.0.7.RELEASE/attoparser-2.0.7.RELEASE.jar:/Users/ferdaous/.m2/repository/org/unbescape/unbescape/1.1.6.RELEASE/unbescape-1.1.6.RELEASE.jar:/Users/ferdaous/.m2/repository/com/cloudinary/cloudinary-http44/1.32.2/cloudinary-http44-1.32.2.jar:/Users/ferdaous/.m2/repository/com/cloudinary/cloudinary-core/1.32.2/cloudinary-core-1.32.2.jar:/Users/ferdaous/.m2/repository/org/apache/commons/commons-lang3/3.13.0/commons-lang3-3.13.0.jar:/Users/ferdaous/.m2/repository/org/apache/httpcomponents/httpclient/4.4/httpclient-4.4.jar:/Users/ferdaous/.m2/repository/org/apache/httpcomponents/httpcore/4.4.16/httpcore-4.4.16.jar:/Users/ferdaous/.m2/repository/org/apache/httpcomponents/httpmime/4.4/httpmime-4.4.jar:/Users/ferdaous/.m2/repository/org/eclipse/angus/jakarta.mail/2.0.3/jakarta.mail-2.0.3.jar:/Users/ferdaous/.m2/repository/jakarta/activation/jakarta.activation-api/2.1.3/jakarta.activation-api-2.1.3.jar:/Users/ferdaous/.m2/repository/org/eclipse/angus/angus-activation/2.0.2/angus-activation-2.0.2.jar:/Users/ferdaous/.m2/repository/com/sun/mail/javax.mail/1.6.2/javax.mail-1.6.2.jar:/Users/ferdaous/.m2/repository/javax/activation/activation/1.1/activation-1.1.jar:/Users/ferdaous/.m2/repository/io/netty/netty-resolver-dns-native-macos/4.1.95.Final/netty-resolver-dns-native-macos-4.1.95.Final.jar:/Users/ferdaous/.m2/repository/io/netty/netty-resolver-dns-classes-macos/4.1.110.Final/netty-resolver-dns-classes-macos-4.1.110.Final.jar:/Users/ferdaous/.m2/repository/io/netty/netty-common/4.1.110.Final/netty-common-4.1.110.Final.jar:/Users/ferdaous/.m2/repository/io/netty/netty-resolver-dns/4.1.110.Final/netty-resolver-dns-4.1.110.Final.jar:/Users/ferdaous/.m2/repository/io/netty/netty-buffer/4.1.110.Final/netty-buffer-4.1.110.Final.jar:/Users/ferdaous/.m2/repository/io/netty/netty-resolver/4.1.110.Final/netty-resolver-4.1.110.Final.jar:/Users/ferdaous/.m2/repository/io/netty/netty-transport/4.1.110.Final/netty-transport-4.1.110.Final.jar:/Users/ferdaous/.m2/repository/io/netty/netty-codec/4.1.110.Final/netty-codec-4.1.110.Final.jar:/Users/ferdaous/.m2/repository/io/netty/netty-codec-dns/4.1.110.Final/netty-codec-dns-4.1.110.Final.jar:/Users/ferdaous/.m2/repository/io/netty/netty-handler/4.1.110.Final/netty-handler-4.1.110.Final.jar:/Users/ferdaous/.m2/repository/io/netty/netty-transport-native-unix-common/4.1.110.Final/netty-transport-native-unix-common-4.1.110.Final.jar:/Users/ferdaous/.m2/repository/edu/stanford/nlp/stanford-corenlp/4.4.0/stanford-corenlp-4.4.0.jar:/Users/ferdaous/.m2/repository/com/apple/AppleJavaExtensions/1.4/AppleJavaExtensions-1.4.jar:/Users/ferdaous/.m2/repository/de/jollyday/jollyday/0.4.9/jollyday-0.4.9.jar:/Users/ferdaous/.m2/repository/org/apache/lucene/lucene-queryparser/7.5.0/lucene-queryparser-7.5.0.jar:/Users/ferdaous/.m2/repository/org/apache/lucene/lucene-queries/7.5.0/lucene-queries-7.5.0.jar:/Users/ferdaous/.m2/repository/org/apache/lucene/lucene-sandbox/7.5.0/lucene-sandbox-7.5.0.jar:/Users/ferdaous/.m2/repository/org/apache/lucene/lucene-analyzers-common/7.5.0/lucene-analyzers-common-7.5.0.jar:/Users/ferdaous/.m2/repository/org/apache/lucene/lucene-core/7.5.0/lucene-core-7.5.0.jar:/Users/ferdaous/.m2/repository/javax/servlet/javax.servlet-api/3.0.1/javax.servlet-api-3.0.1.jar:/Users/ferdaous/.m2/repository/xom/xom/1.3.7/xom-1.3.7.jar:/Users/ferdaous/.m2/repository/xerces/xercesImpl/2.8.0/xercesImpl-2.8.0.jar:/Users/ferdaous/.m2/repository/xml-apis/xml-apis/1.3.03/xml-apis-1.3.03.jar:/Users/ferdaous/.m2/repository/xalan/xalan/2.7.2/xalan-2.7.2.jar:/Users/ferdaous/.m2/repository/xalan/serializer/2.7.2/serializer-2.7.2.jar:/Users/ferdaous/.m2/repository/joda-time/joda-time/2.10.5/joda-time-2.10.5.jar:/Users/ferdaous/.m2/repository/org/ejml/ejml-core/0.39/ejml-core-0.39.jar:/Users/ferdaous/.m2/repository/com/google/code/findbugs/jsr305/3.0.2/jsr305-3.0.2.jar:/Users/ferdaous/.m2/repository/org/ejml/ejml-ddense/0.39/ejml-ddense-0.39.jar:/Users/ferdaous/.m2/repository/org/ejml/ejml-simple/0.39/ejml-simple-0.39.jar:/Users/ferdaous/.m2/repository/org/ejml/ejml-fdense/0.39/ejml-fdense-0.39.jar:/Users/ferdaous/.m2/repository/org/ejml/ejml-cdense/0.39/ejml-cdense-0.39.jar:/Users/ferdaous/.m2/repository/org/ejml/ejml-zdense/0.39/ejml-zdense-0.39.jar:/Users/ferdaous/.m2/repository/org/ejml/ejml-dsparse/0.39/ejml-dsparse-0.39.jar:/Users/ferdaous/.m2/repository/org/ejml/ejml-fsparse/0.39/ejml-fsparse-0.39.jar:/Users/ferdaous/.m2/repository/org/glassfish/javax.json/1.0.4/javax.json-1.0.4.jar:/Users/ferdaous/.m2/repository/org/slf4j/slf4j-api/2.0.13/slf4j-api-2.0.13.jar:/Users/ferdaous/.m2/repository/com/google/protobuf/protobuf-java/3.11.4/protobuf-java-3.11.4.jar:/Users/ferdaous/.m2/repository/javax/activation/javax.activation-api/1.2.0/javax.activation-api-1.2.0.jar:/Users/ferdaous/.m2/repository/javax/xml/bind/jaxb-api/2.4.0-b180830.0359/jaxb-api-2.4.0-b180830.0359.jar:/Users/ferdaous/.m2/repository/com/sun/xml/bind/jaxb-core/4.0.5/jaxb-core-4.0.5.jar:/Users/ferdaous/.m2/repository/com/sun/xml/bind/jaxb-impl/4.0.5/jaxb-impl-4.0.5.jar:/Users/ferdaous/.m2/repository/edu/stanford/nlp/stanford-corenlp/4.4.0/stanford-corenlp-4.4.0-models.jar:/Users/ferdaous/.m2/repository/org/apache/httpcomponents/client5/httpclient5/5.3.1/httpclient5-5.3.1.jar:/Users/ferdaous/.m2/repository/org/apache/httpcomponents/core5/httpcore5/5.2.4/httpcore5-5.2.4.jar:/Users/ferdaous/.m2/repository/org/apache/httpcomponents/core5/httpcore5-h2/5.2.4/httpcore5-h2-5.2.4.jar:/Users/ferdaous/.m2/repository/org/springframework/boot/spring-boot-starter-data-jpa/3.2.6/spring-boot-starter-data-jpa-3.2.6.jar:/Users/ferdaous/.m2/repository/org/springframework/boot/spring-boot-starter-aop/3.2.6/spring-boot-starter-aop-3.2.6.jar:/Users/ferdaous/.m2/repository/org/aspectj/aspectjweaver/1.9.22/aspectjweaver-1.9.22.jar:/Users/ferdaous/.m2/repository/org/springframework/boot/spring-boot-starter-jdbc/3.2.6/spring-boot-starter-jdbc-3.2.6.jar:/Users/ferdaous/.m2/repository/com/zaxxer/HikariCP/5.0.1/HikariCP-5.0.1.jar:/Users/ferdaous/.m2/repository/org/springframework/spring-jdbc/6.1.8/spring-jdbc-6.1.8.jar:/Users/ferdaous/.m2/repository/org/hibernate/orm/hibernate-core/6.4.8.Final/hibernate-core-6.4.8.Final.jar:/Users/ferdaous/.m2/repository/jakarta/persistence/jakarta.persistence-api/3.1.0/jakarta.persistence-api-3.1.0.jar:/Users/ferdaous/.m2/repository/jakarta/transaction/jakarta.transaction-api/2.0.1/jakarta.transaction-api-2.0.1.jar:/Users/ferdaous/.m2/repository/org/jboss/logging/jboss-logging/3.5.3.Final/jboss-logging-3.5.3.Final.jar:/Users/ferdaous/.m2/repository/org/hibernate/common/hibernate-commons-annotations/6.0.6.Final/hibernate-commons-annotations-6.0.6.Final.jar:/Users/ferdaous/.m2/repository/io/smallrye/jandex/3.1.2/jandex-3.1.2.jar:/Users/ferdaous/.m2/repository/com/fasterxml/classmate/1.6.0/classmate-1.6.0.jar:/Users/ferdaous/.m2/repository/net/bytebuddy/byte-buddy/1.14.16/byte-buddy-1.14.16.jar:/Users/ferdaous/.m2/repository/org/glassfish/jaxb/jaxb-runtime/4.0.5/jaxb-runtime-4.0.5.jar:/Users/ferdaous/.m2/repository/org/glassfish/jaxb/jaxb-core/4.0.5/jaxb-core-4.0.5.jar:/Users/ferdaous/.m2/repository/org/glassfish/jaxb/txw2/4.0.5/txw2-4.0.5.jar:/Users/ferdaous/.m2/repository/com/sun/istack/istack-commons-runtime/4.1.2/istack-commons-runtime-4.1.2.jar:/Users/ferdaous/.m2/repository/jakarta/inject/jakarta.inject-api/2.0.1/jakarta.inject-api-2.0.1.jar:/Users/ferdaous/.m2/repository/org/antlr/antlr4-runtime/4.13.0/antlr4-runtime-4.13.0.jar:/Users/ferdaous/.m2/repository/org/springframework/data/spring-data-jpa/3.2.6/spring-data-jpa-3.2.6.jar:/Users/ferdaous/.m2/repository/org/springframework/spring-orm/6.1.8/spring-orm-6.1.8.jar:/Users/ferdaous/.m2/repository/org/springframework/spring-aspects/6.1.8/spring-aspects-6.1.8.jar:/Users/ferdaous/.m2/repository/org/springframework/boot/spring-boot-starter-webflux/3.2.6/spring-boot-starter-webflux-3.2.6.jar:/Users/ferdaous/.m2/repository/org/springframework/boot/spring-boot-starter-reactor-netty/3.2.6/spring-boot-starter-reactor-netty-3.2.6.jar:/Users/ferdaous/.m2/repository/io/projectreactor/netty/reactor-netty-http/1.1.19/reactor-netty-http-1.1.19.jar:/Users/ferdaous/.m2/repository/io/netty/netty-codec-http/4.1.110.Final/netty-codec-http-4.1.110.Final.jar:/Users/ferdaous/.m2/repository/io/netty/netty-codec-http2/4.1.110.Final/netty-codec-http2-4.1.110.Final.jar:/Users/ferdaous/.m2/repository/io/netty/netty-resolver-dns-native-macos/4.1.110.Final/netty-resolver-dns-native-macos-4.1.110.Final-osx-x86_64.jar:/Users/ferdaous/.m2/repository/io/netty/netty-transport-native-epoll/4.1.110.Final/netty-transport-native-epoll-4.1.110.Final-linux-x86_64.jar:/Users/ferdaous/.m2/repository/io/netty/netty-transport-classes-epoll/4.1.110.Final/netty-transport-classes-epoll-4.1.110.Final.jar:/Users/ferdaous/.m2/repository/io/projectreactor/netty/reactor-netty-core/1.1.19/reactor-netty-core-1.1.19.jar:/Users/ferdaous/.m2/repository/io/netty/netty-handler-proxy/4.1.110.Final/netty-handler-proxy-4.1.110.Final.jar:/Users/ferdaous/.m2/repository/io/netty/netty-codec-socks/4.1.110.Final/netty-codec-socks-4.1.110.Final.jar:/Users/ferdaous/.m2/repository/org/springframework/spring-webflux/6.1.8/spring-webflux-6.1.8.jar:/Users/ferdaous/.m2/repository/io/projectreactor/reactor-core/3.6.6/reactor-core-3.6.6.jar:/Users/ferdaous/.m2/repository/org/reactivestreams/reactive-streams/1.0.4/reactive-streams-1.0.4.jar:/Users/ferdaous/.m2/repository/org/springframework/boot/spring-boot-starter-mail/3.2.6/spring-boot-starter-mail-3.2.6.jar:/Users/ferdaous/.m2/repository/org/springframework/spring-context-support/6.1.8/spring-context-support-6.1.8.jar:/Users/ferdaous/.m2/repository/org/springframework/boot/spring-boot-starter-validation/3.2.6/spring-boot-starter-validation-3.2.6.jar:/Users/ferdaous/.m2/repository/org/apache/tomcat/embed/tomcat-embed-el/10.1.24/tomcat-embed-el-10.1.24.jar:/Users/ferdaous/.m2/repository/org/hibernate/validator/hibernate-validator/8.0.1.Final/hibernate-validator-8.0.1.Final.jar:/Users/ferdaous/.m2/repository/jakarta/validation/jakarta.validation-api/3.0.2/jakarta.validation-api-3.0.2.jar:/Users/ferdaous/.m2/repository/com/itextpdf/barcodes/7.2.0/barcodes-7.2.0.jar:/Users/ferdaous/.m2/repository/com/itextpdf/font-asian/7.2.0/font-asian-7.2.0.jar:/Users/ferdaous/.m2/repository/com/itextpdf/forms/7.2.0/forms-7.2.0.jar:/Users/ferdaous/.m2/repository/com/itextpdf/hyph/7.2.0/hyph-7.2.0.jar:/Users/ferdaous/.m2/repository/com/itextpdf/io/7.2.0/io-7.2.0.jar:/Users/ferdaous/.m2/repository/com/itextpdf/commons/7.2.0/commons-7.2.0.jar:/Users/ferdaous/.m2/repository/com/itextpdf/kernel/7.2.0/kernel-7.2.0.jar:/Users/ferdaous/.m2/repository/org/bouncycastle/bcpkix-jdk15on/1.68/bcpkix-jdk15on-1.68.jar:/Users/ferdaous/.m2/repository/org/bouncycastle/bcprov-jdk15on/1.68/bcprov-jdk15on-1.68.jar:/Users/ferdaous/.m2/repository/com/itextpdf/layout/7.2.0/layout-7.2.0.jar:/Users/ferdaous/.m2/repository/com/itextpdf/pdfa/7.2.0/pdfa-7.2.0.jar:/Users/ferdaous/.m2/repository/com/itextpdf/sign/7.2.0/sign-7.2.0.jar:/Users/ferdaous/.m2/repository/com/itextpdf/styled-xml-parser/7.2.0/styled-xml-parser-7.2.0.jar:/Users/ferdaous/.m2/repository/com/itextpdf/svg/7.2.0/svg-7.2.0.jar:/Users/ferdaous/.m2/repository/io/jsonwebtoken/jjwt-api/0.11.5/jjwt-api-0.11.5.jar:/Users/ferdaous/.m2/repository/io/jsonwebtoken/jjwt-impl/0.11.5/jjwt-impl-0.11.5.jar:/Users/ferdaous/.m2/repository/io/jsonwebtoken/jjwt-jackson/0.11.5/jjwt-jackson-0.11.5.jar:/Users/ferdaous/.m2/repository/com/fasterxml/jackson/core/jackson-databind/2.15.4/jackson-databind-2.15.4.jar:/Users/ferdaous/.m2/repository/com/fasterxml/jackson/core/jackson-annotations/2.15.4/jackson-annotations-2.15.4.jar:/Users/ferdaous/.m2/repository/com/fasterxml/jackson/core/jackson-core/2.15.4/jackson-core-2.15.4.jar:/Users/ferdaous/.m2/repository/org/springframework/boot/spring-boot-devtools/3.2.6/spring-boot-devtools-3.2.6.jar:/Users/ferdaous/.m2/repository/org/springframework/boot/spring-boot/3.2.6/spring-boot-3.2.6.jar:/Users/ferdaous/.m2/repository/org/springframework/boot/spring-boot-autoconfigure/3.2.6/spring-boot-autoconfigure-3.2.6.jar:/Users/ferdaous/.m2/repository/org/springframework/boot/spring-boot-starter-test/3.2.6/spring-boot-starter-test-3.2.6.jar:/Users/ferdaous/.m2/repository/org/springframework/boot/spring-boot-test/3.2.6/spring-boot-test-3.2.6.jar:/Users/ferdaous/.m2/repository/org/springframework/boot/spring-boot-test-autoconfigure/3.2.6/spring-boot-test-autoconfigure-3.2.6.jar:/Users/ferdaous/.m2/repository/com/jayway/jsonpath/json-path/2.9.0/json-path-2.9.0.jar:/Users/ferdaous/.m2/repository/jakarta/xml/bind/jakarta.xml.bind-api/4.0.2/jakarta.xml.bind-api-4.0.2.jar:/Users/ferdaous/.m2/repository/net/minidev/json-smart/2.5.1/json-smart-2.5.1.jar:/Users/ferdaous/.m2/repository/net/minidev/accessors-smart/2.5.1/accessors-smart-2.5.1.jar:/Users/ferdaous/.m2/repository/org/ow2/asm/asm/9.6/asm-9.6.jar:/Users/ferdaous/.m2/repository/org/assertj/assertj-core/3.24.2/assertj-core-3.24.2.jar:/Users/ferdaous/.m2/repository/org/awaitility/awaitility/4.2.1/awaitility-4.2.1.jar:/Users/ferdaous/.m2/repository/org/hamcrest/hamcrest/2.2/hamcrest-2.2.jar:/Users/ferdaous/.m2/repository/org/junit/jupiter/junit-jupiter/5.10.2/junit-jupiter-5.10.2.jar:/Users/ferdaous/.m2/repository/org/junit/jupiter/junit-jupiter-api/5.10.2/junit-jupiter-api-5.10.2.jar:/Users/ferdaous/.m2/repository/org/opentest4j/opentest4j/1.3.0/opentest4j-1.3.0.jar:/Users/ferdaous/.m2/repository/org/junit/platform/junit-platform-commons/1.10.2/junit-platform-commons-1.10.2.jar:/Users/ferdaous/.m2/repository/org/apiguardian/apiguardian-api/1.1.2/apiguardian-api-1.1.2.jar:/Users/ferdaous/.m2/repository/org/junit/jupiter/junit-jupiter-params/5.10.2/junit-jupiter-params-5.10.2.jar:/Users/ferdaous/.m2/repository/org/junit/jupiter/junit-jupiter-engine/5.10.2/junit-jupiter-engine-5.10.2.jar:/Users/ferdaous/.m2/repository/org/junit/platform/junit-platform-engine/1.10.2/junit-platform-engine-1.10.2.jar:/Users/ferdaous/.m2/repository/org/mockito/mockito-core/5.7.0/mockito-core-5.7.0.jar:/Users/ferdaous/.m2/repository/net/bytebuddy/byte-buddy-agent/1.14.16/byte-buddy-agent-1.14.16.jar:/Users/ferdaous/.m2/repository/org/objenesis/objenesis/3.3/objenesis-3.3.jar:/Users/ferdaous/.m2/repository/org/mockito/mockito-junit-jupiter/5.7.0/mockito-junit-jupiter-5.7.0.jar:/Users/ferdaous/.m2/repository/org/skyscreamer/jsonassert/1.5.1/jsonassert-1.5.1.jar:/Users/ferdaous/.m2/repository/com/vaadin/external/google/android-json/0.0.20131108.vaadin1/android-json-0.0.20131108.vaadin1.jar:/Users/ferdaous/.m2/repository/org/springframework/spring-core/6.1.8/spring-core-6.1.8.jar:/Users/ferdaous/.m2/repository/org/springframework/spring-jcl/6.1.8/spring-jcl-6.1.8.jar:/Users/ferdaous/.m2/repository/org/springframework/spring-test/6.1.8/spring-test-6.1.8.jar:/Users/ferdaous/.m2/repository/org/xmlunit/xmlunit-core/2.9.1/xmlunit-core-2.9.1.jar:/Users/ferdaous/.m2/repository/org/springframework/security/spring-security-test/6.2.4/spring-security-test-6.2.4.jar:/Users/ferdaous/.m2/repository/org/springframework/security/spring-security-core/6.2.4/spring-security-core-6.2.4.jar:/Users/ferdaous/.m2/repository/org/springframework/security/spring-security-crypto/6.2.4/spring-security-crypto-6.2.4.jar:/Users/ferdaous/.m2/repository/org/springdoc/springdoc-openapi-starter-webmvc-ui/2.0.3/springdoc-openapi-starter-webmvc-ui-2.0.3.jar:/Users/ferdaous/.m2/repository/org/springdoc/springdoc-openapi-starter-webmvc-api/2.0.3/springdoc-openapi-starter-webmvc-api-2.0.3.jar:/Users/ferdaous/.m2/repository/org/springdoc/springdoc-openapi-starter-common/2.0.3/springdoc-openapi-starter-common-2.0.3.jar:/Users/ferdaous/.m2/repository/io/swagger/core/v3/swagger-core-jakarta/2.2.8/swagger-core-jakarta-2.2.8.jar:/Users/ferdaous/.m2/repository/io/swagger/core/v3/swagger-annotations-jakarta/2.2.8/swagger-annotations-jakarta-2.2.8.jar:/Users/ferdaous/.m2/repository/io/swagger/core/v3/swagger-models-jakarta/2.2.8/swagger-models-jakarta-2.2.8.jar:/Users/ferdaous/.m2/repository/com/fasterxml/jackson/dataformat/jackson-dataformat-yaml/2.15.4/jackson-dataformat-yaml-2.15.4.jar:/Users/ferdaous/.m2/repository/org/webjars/swagger-ui/4.17.1/swagger-ui-4.17.1.jar:/Users/ferdaous/.m2/repository/org/webjars/webjars-locator-core/0.55/webjars-locator-core-0.55.jar:/Users/ferdaous/.m2/repository/io/github/classgraph/classgraph/4.8.149/classgraph-4.8.149.jar:"/>
    <property name="java.vm.vendor" value="Oracle Corporation"/>
    <property name="sun.arch.data.model" value="64"/>
    <property name="java.vendor.url" value="https://java.oracle.com/"/>
    <property name="user.timezone" value="Africa/Tunis"/>
    <property name="org.jboss.logging.provider" value="slf4j"/>
    <property name="os.name" value="Mac OS X"/>
    <property name="java.vm.specification.version" value="17"/>
    <property name="sun.java.launcher" value="SUN_STANDARD"/>
    <property name="user.country" value="FR"/>
    <property name="sun.boot.library.path" value="/Library/Java/JavaVirtualMachines/jdk-17.jdk/Contents/Home/lib"/>
    <property name="sun.java.command" value="/Users/ferdaous/Desktop/Dev/Jems-Dev/JEMS AO/jemsao-backend/target/surefire/surefirebooter-20250312003953383_3.jar /Users/ferdaous/Desktop/Dev/Jems-Dev/JEMS AO/jemsao-backend/target/surefire 2025-03-12T00-39-51_615-jvmRun1 surefire-20250312003953383_1tmp surefire_0-20250312003953383_2tmp"/>
    <property name="http.nonProxyHosts" value="local|*.local|169.254/16|*.169.254/16"/>
    <property name="jdk.debug" value="release"/>
    <property name="surefire.test.class.path" value="/Users/ferdaous/Desktop/Dev/Jems-Dev/JEMS AO/jemsao-backend/target/test-classes:/Users/ferdaous/Desktop/Dev/Jems-Dev/JEMS AO/jemsao-backend/target/classes:/Users/ferdaous/.m2/repository/org/springframework/boot/spring-boot-starter-data-mongodb/3.2.6/spring-boot-starter-data-mongodb-3.2.6.jar:/Users/ferdaous/.m2/repository/org/springframework/boot/spring-boot-starter/3.2.6/spring-boot-starter-3.2.6.jar:/Users/ferdaous/.m2/repository/org/springframework/boot/spring-boot-starter-logging/3.2.6/spring-boot-starter-logging-3.2.6.jar:/Users/ferdaous/.m2/repository/ch/qos/logback/logback-classic/1.4.14/logback-classic-1.4.14.jar:/Users/ferdaous/.m2/repository/ch/qos/logback/logback-core/1.4.14/logback-core-1.4.14.jar:/Users/ferdaous/.m2/repository/org/apache/logging/log4j/log4j-to-slf4j/2.21.1/log4j-to-slf4j-2.21.1.jar:/Users/ferdaous/.m2/repository/org/slf4j/jul-to-slf4j/2.0.13/jul-to-slf4j-2.0.13.jar:/Users/ferdaous/.m2/repository/jakarta/annotation/jakarta.annotation-api/2.1.1/jakarta.annotation-api-2.1.1.jar:/Users/ferdaous/.m2/repository/org/yaml/snakeyaml/2.2/snakeyaml-2.2.jar:/Users/ferdaous/.m2/repository/org/mongodb/mongodb-driver-sync/4.11.2/mongodb-driver-sync-4.11.2.jar:/Users/ferdaous/.m2/repository/org/mongodb/bson/4.11.2/bson-4.11.2.jar:/Users/ferdaous/.m2/repository/org/mongodb/mongodb-driver-core/4.11.2/mongodb-driver-core-4.11.2.jar:/Users/ferdaous/.m2/repository/org/mongodb/bson-record-codec/4.11.2/bson-record-codec-4.11.2.jar:/Users/ferdaous/.m2/repository/org/springframework/data/spring-data-mongodb/4.2.6/spring-data-mongodb-4.2.6.jar:/Users/ferdaous/.m2/repository/org/springframework/spring-tx/6.1.8/spring-tx-6.1.8.jar:/Users/ferdaous/.m2/repository/org/springframework/spring-context/6.1.8/spring-context-6.1.8.jar:/Users/ferdaous/.m2/repository/org/springframework/spring-beans/6.1.8/spring-beans-6.1.8.jar:/Users/ferdaous/.m2/repository/org/springframework/spring-expression/6.1.8/spring-expression-6.1.8.jar:/Users/ferdaous/.m2/repository/org/springframework/data/spring-data-commons/3.2.6/spring-data-commons-3.2.6.jar:/Users/ferdaous/.m2/repository/org/springframework/boot/spring-boot-starter-security/3.2.6/spring-boot-starter-security-3.2.6.jar:/Users/ferdaous/.m2/repository/org/springframework/spring-aop/6.1.8/spring-aop-6.1.8.jar:/Users/ferdaous/.m2/repository/org/springframework/security/spring-security-config/6.2.4/spring-security-config-6.2.4.jar:/Users/ferdaous/.m2/repository/org/springframework/security/spring-security-web/6.2.4/spring-security-web-6.2.4.jar:/Users/ferdaous/.m2/repository/org/springframework/boot/spring-boot-starter-web/3.2.6/spring-boot-starter-web-3.2.6.jar:/Users/ferdaous/.m2/repository/org/springframework/boot/spring-boot-starter-json/3.2.6/spring-boot-starter-json-3.2.6.jar:/Users/ferdaous/.m2/repository/com/fasterxml/jackson/datatype/jackson-datatype-jdk8/2.15.4/jackson-datatype-jdk8-2.15.4.jar:/Users/ferdaous/.m2/repository/com/fasterxml/jackson/datatype/jackson-datatype-jsr310/2.15.4/jackson-datatype-jsr310-2.15.4.jar:/Users/ferdaous/.m2/repository/com/fasterxml/jackson/module/jackson-module-parameter-names/2.15.4/jackson-module-parameter-names-2.15.4.jar:/Users/ferdaous/.m2/repository/org/springframework/boot/spring-boot-starter-tomcat/3.2.6/spring-boot-starter-tomcat-3.2.6.jar:/Users/ferdaous/.m2/repository/org/apache/tomcat/embed/tomcat-embed-core/10.1.24/tomcat-embed-core-10.1.24.jar:/Users/ferdaous/.m2/repository/org/apache/tomcat/embed/tomcat-embed-websocket/10.1.24/tomcat-embed-websocket-10.1.24.jar:/Users/ferdaous/.m2/repository/org/springframework/spring-web/6.1.8/spring-web-6.1.8.jar:/Users/ferdaous/.m2/repository/io/micrometer/micrometer-observation/1.12.6/micrometer-observation-1.12.6.jar:/Users/ferdaous/.m2/repository/io/micrometer/micrometer-commons/1.12.6/micrometer-commons-1.12.6.jar:/Users/ferdaous/.m2/repository/org/springframework/spring-webmvc/6.1.8/spring-webmvc-6.1.8.jar:/Users/ferdaous/.m2/repository/org/apache/poi/poi-ooxml/5.3.0/poi-ooxml-5.3.0.jar:/Users/ferdaous/.m2/repository/org/apache/poi/poi/5.3.0/poi-5.3.0.jar:/Users/ferdaous/.m2/repository/commons-codec/commons-codec/1.16.1/commons-codec-1.16.1.jar:/Users/ferdaous/.m2/repository/org/apache/commons/commons-math3/3.6.1/commons-math3-3.6.1.jar:/Users/ferdaous/.m2/repository/com/zaxxer/SparseBitSet/1.3/SparseBitSet-1.3.jar:/Users/ferdaous/.m2/repository/org/apache/poi/poi-ooxml-lite/5.3.0/poi-ooxml-lite-5.3.0.jar:/Users/ferdaous/.m2/repository/org/apache/xmlbeans/xmlbeans/5.2.1/xmlbeans-5.2.1.jar:/Users/ferdaous/.m2/repository/org/apache/commons/commons-compress/1.26.2/commons-compress-1.26.2.jar:/Users/ferdaous/.m2/repository/commons-io/commons-io/2.16.1/commons-io-2.16.1.jar:/Users/ferdaous/.m2/repository/com/github/virtuald/curvesapi/1.08/curvesapi-1.08.jar:/Users/ferdaous/.m2/repository/org/apache/logging/log4j/log4j-api/2.21.1/log4j-api-2.21.1.jar:/Users/ferdaous/.m2/repository/org/apache/commons/commons-collections4/4.4/commons-collections4-4.4.jar:/Users/ferdaous/.m2/repository/org/apache/pdfbox/pdfbox/3.0.2/pdfbox-3.0.2.jar:/Users/ferdaous/.m2/repository/org/apache/pdfbox/pdfbox-io/3.0.2/pdfbox-io-3.0.2.jar:/Users/ferdaous/.m2/repository/org/apache/pdfbox/fontbox/3.0.2/fontbox-3.0.2.jar:/Users/ferdaous/.m2/repository/commons-logging/commons-logging/1.3.0/commons-logging-1.3.0.jar:/Users/ferdaous/.m2/repository/org/projectlombok/lombok/1.18.32/lombok-1.18.32.jar:/Users/ferdaous/.m2/repository/org/json/json/20210307/json-20210307.jar:/Users/ferdaous/.m2/repository/org/springframework/boot/spring-boot-starter-thymeleaf/3.2.6/spring-boot-starter-thymeleaf-3.2.6.jar:/Users/ferdaous/.m2/repository/org/thymeleaf/thymeleaf-spring6/3.1.2.RELEASE/thymeleaf-spring6-3.1.2.RELEASE.jar:/Users/ferdaous/.m2/repository/org/thymeleaf/thymeleaf/3.1.2.RELEASE/thymeleaf-3.1.2.RELEASE.jar:/Users/ferdaous/.m2/repository/org/attoparser/attoparser/2.0.7.RELEASE/attoparser-2.0.7.RELEASE.jar:/Users/ferdaous/.m2/repository/org/unbescape/unbescape/1.1.6.RELEASE/unbescape-1.1.6.RELEASE.jar:/Users/ferdaous/.m2/repository/com/cloudinary/cloudinary-http44/1.32.2/cloudinary-http44-1.32.2.jar:/Users/ferdaous/.m2/repository/com/cloudinary/cloudinary-core/1.32.2/cloudinary-core-1.32.2.jar:/Users/ferdaous/.m2/repository/org/apache/commons/commons-lang3/3.13.0/commons-lang3-3.13.0.jar:/Users/ferdaous/.m2/repository/org/apache/httpcomponents/httpclient/4.4/httpclient-4.4.jar:/Users/ferdaous/.m2/repository/org/apache/httpcomponents/httpcore/4.4.16/httpcore-4.4.16.jar:/Users/ferdaous/.m2/repository/org/apache/httpcomponents/httpmime/4.4/httpmime-4.4.jar:/Users/ferdaous/.m2/repository/org/eclipse/angus/jakarta.mail/2.0.3/jakarta.mail-2.0.3.jar:/Users/ferdaous/.m2/repository/jakarta/activation/jakarta.activation-api/2.1.3/jakarta.activation-api-2.1.3.jar:/Users/ferdaous/.m2/repository/org/eclipse/angus/angus-activation/2.0.2/angus-activation-2.0.2.jar:/Users/ferdaous/.m2/repository/com/sun/mail/javax.mail/1.6.2/javax.mail-1.6.2.jar:/Users/ferdaous/.m2/repository/javax/activation/activation/1.1/activation-1.1.jar:/Users/ferdaous/.m2/repository/io/netty/netty-resolver-dns-native-macos/4.1.95.Final/netty-resolver-dns-native-macos-4.1.95.Final.jar:/Users/ferdaous/.m2/repository/io/netty/netty-resolver-dns-classes-macos/4.1.110.Final/netty-resolver-dns-classes-macos-4.1.110.Final.jar:/Users/ferdaous/.m2/repository/io/netty/netty-common/4.1.110.Final/netty-common-4.1.110.Final.jar:/Users/ferdaous/.m2/repository/io/netty/netty-resolver-dns/4.1.110.Final/netty-resolver-dns-4.1.110.Final.jar:/Users/ferdaous/.m2/repository/io/netty/netty-buffer/4.1.110.Final/netty-buffer-4.1.110.Final.jar:/Users/ferdaous/.m2/repository/io/netty/netty-resolver/4.1.110.Final/netty-resolver-4.1.110.Final.jar:/Users/ferdaous/.m2/repository/io/netty/netty-transport/4.1.110.Final/netty-transport-4.1.110.Final.jar:/Users/ferdaous/.m2/repository/io/netty/netty-codec/4.1.110.Final/netty-codec-4.1.110.Final.jar:/Users/ferdaous/.m2/repository/io/netty/netty-codec-dns/4.1.110.Final/netty-codec-dns-4.1.110.Final.jar:/Users/ferdaous/.m2/repository/io/netty/netty-handler/4.1.110.Final/netty-handler-4.1.110.Final.jar:/Users/ferdaous/.m2/repository/io/netty/netty-transport-native-unix-common/4.1.110.Final/netty-transport-native-unix-common-4.1.110.Final.jar:/Users/ferdaous/.m2/repository/edu/stanford/nlp/stanford-corenlp/4.4.0/stanford-corenlp-4.4.0.jar:/Users/ferdaous/.m2/repository/com/apple/AppleJavaExtensions/1.4/AppleJavaExtensions-1.4.jar:/Users/ferdaous/.m2/repository/de/jollyday/jollyday/0.4.9/jollyday-0.4.9.jar:/Users/ferdaous/.m2/repository/org/apache/lucene/lucene-queryparser/7.5.0/lucene-queryparser-7.5.0.jar:/Users/ferdaous/.m2/repository/org/apache/lucene/lucene-queries/7.5.0/lucene-queries-7.5.0.jar:/Users/ferdaous/.m2/repository/org/apache/lucene/lucene-sandbox/7.5.0/lucene-sandbox-7.5.0.jar:/Users/ferdaous/.m2/repository/org/apache/lucene/lucene-analyzers-common/7.5.0/lucene-analyzers-common-7.5.0.jar:/Users/ferdaous/.m2/repository/org/apache/lucene/lucene-core/7.5.0/lucene-core-7.5.0.jar:/Users/ferdaous/.m2/repository/javax/servlet/javax.servlet-api/3.0.1/javax.servlet-api-3.0.1.jar:/Users/ferdaous/.m2/repository/xom/xom/1.3.7/xom-1.3.7.jar:/Users/ferdaous/.m2/repository/xerces/xercesImpl/2.8.0/xercesImpl-2.8.0.jar:/Users/ferdaous/.m2/repository/xml-apis/xml-apis/1.3.03/xml-apis-1.3.03.jar:/Users/ferdaous/.m2/repository/xalan/xalan/2.7.2/xalan-2.7.2.jar:/Users/ferdaous/.m2/repository/xalan/serializer/2.7.2/serializer-2.7.2.jar:/Users/ferdaous/.m2/repository/joda-time/joda-time/2.10.5/joda-time-2.10.5.jar:/Users/ferdaous/.m2/repository/org/ejml/ejml-core/0.39/ejml-core-0.39.jar:/Users/ferdaous/.m2/repository/com/google/code/findbugs/jsr305/3.0.2/jsr305-3.0.2.jar:/Users/ferdaous/.m2/repository/org/ejml/ejml-ddense/0.39/ejml-ddense-0.39.jar:/Users/ferdaous/.m2/repository/org/ejml/ejml-simple/0.39/ejml-simple-0.39.jar:/Users/ferdaous/.m2/repository/org/ejml/ejml-fdense/0.39/ejml-fdense-0.39.jar:/Users/ferdaous/.m2/repository/org/ejml/ejml-cdense/0.39/ejml-cdense-0.39.jar:/Users/ferdaous/.m2/repository/org/ejml/ejml-zdense/0.39/ejml-zdense-0.39.jar:/Users/ferdaous/.m2/repository/org/ejml/ejml-dsparse/0.39/ejml-dsparse-0.39.jar:/Users/ferdaous/.m2/repository/org/ejml/ejml-fsparse/0.39/ejml-fsparse-0.39.jar:/Users/ferdaous/.m2/repository/org/glassfish/javax.json/1.0.4/javax.json-1.0.4.jar:/Users/ferdaous/.m2/repository/org/slf4j/slf4j-api/2.0.13/slf4j-api-2.0.13.jar:/Users/ferdaous/.m2/repository/com/google/protobuf/protobuf-java/3.11.4/protobuf-java-3.11.4.jar:/Users/ferdaous/.m2/repository/javax/activation/javax.activation-api/1.2.0/javax.activation-api-1.2.0.jar:/Users/ferdaous/.m2/repository/javax/xml/bind/jaxb-api/2.4.0-b180830.0359/jaxb-api-2.4.0-b180830.0359.jar:/Users/ferdaous/.m2/repository/com/sun/xml/bind/jaxb-core/4.0.5/jaxb-core-4.0.5.jar:/Users/ferdaous/.m2/repository/com/sun/xml/bind/jaxb-impl/4.0.5/jaxb-impl-4.0.5.jar:/Users/ferdaous/.m2/repository/edu/stanford/nlp/stanford-corenlp/4.4.0/stanford-corenlp-4.4.0-models.jar:/Users/ferdaous/.m2/repository/org/apache/httpcomponents/client5/httpclient5/5.3.1/httpclient5-5.3.1.jar:/Users/ferdaous/.m2/repository/org/apache/httpcomponents/core5/httpcore5/5.2.4/httpcore5-5.2.4.jar:/Users/ferdaous/.m2/repository/org/apache/httpcomponents/core5/httpcore5-h2/5.2.4/httpcore5-h2-5.2.4.jar:/Users/ferdaous/.m2/repository/org/springframework/boot/spring-boot-starter-data-jpa/3.2.6/spring-boot-starter-data-jpa-3.2.6.jar:/Users/ferdaous/.m2/repository/org/springframework/boot/spring-boot-starter-aop/3.2.6/spring-boot-starter-aop-3.2.6.jar:/Users/ferdaous/.m2/repository/org/aspectj/aspectjweaver/1.9.22/aspectjweaver-1.9.22.jar:/Users/ferdaous/.m2/repository/org/springframework/boot/spring-boot-starter-jdbc/3.2.6/spring-boot-starter-jdbc-3.2.6.jar:/Users/ferdaous/.m2/repository/com/zaxxer/HikariCP/5.0.1/HikariCP-5.0.1.jar:/Users/ferdaous/.m2/repository/org/springframework/spring-jdbc/6.1.8/spring-jdbc-6.1.8.jar:/Users/ferdaous/.m2/repository/org/hibernate/orm/hibernate-core/6.4.8.Final/hibernate-core-6.4.8.Final.jar:/Users/ferdaous/.m2/repository/jakarta/persistence/jakarta.persistence-api/3.1.0/jakarta.persistence-api-3.1.0.jar:/Users/ferdaous/.m2/repository/jakarta/transaction/jakarta.transaction-api/2.0.1/jakarta.transaction-api-2.0.1.jar:/Users/ferdaous/.m2/repository/org/jboss/logging/jboss-logging/3.5.3.Final/jboss-logging-3.5.3.Final.jar:/Users/ferdaous/.m2/repository/org/hibernate/common/hibernate-commons-annotations/6.0.6.Final/hibernate-commons-annotations-6.0.6.Final.jar:/Users/ferdaous/.m2/repository/io/smallrye/jandex/3.1.2/jandex-3.1.2.jar:/Users/ferdaous/.m2/repository/com/fasterxml/classmate/1.6.0/classmate-1.6.0.jar:/Users/ferdaous/.m2/repository/net/bytebuddy/byte-buddy/1.14.16/byte-buddy-1.14.16.jar:/Users/ferdaous/.m2/repository/org/glassfish/jaxb/jaxb-runtime/4.0.5/jaxb-runtime-4.0.5.jar:/Users/ferdaous/.m2/repository/org/glassfish/jaxb/jaxb-core/4.0.5/jaxb-core-4.0.5.jar:/Users/ferdaous/.m2/repository/org/glassfish/jaxb/txw2/4.0.5/txw2-4.0.5.jar:/Users/ferdaous/.m2/repository/com/sun/istack/istack-commons-runtime/4.1.2/istack-commons-runtime-4.1.2.jar:/Users/ferdaous/.m2/repository/jakarta/inject/jakarta.inject-api/2.0.1/jakarta.inject-api-2.0.1.jar:/Users/ferdaous/.m2/repository/org/antlr/antlr4-runtime/4.13.0/antlr4-runtime-4.13.0.jar:/Users/ferdaous/.m2/repository/org/springframework/data/spring-data-jpa/3.2.6/spring-data-jpa-3.2.6.jar:/Users/ferdaous/.m2/repository/org/springframework/spring-orm/6.1.8/spring-orm-6.1.8.jar:/Users/ferdaous/.m2/repository/org/springframework/spring-aspects/6.1.8/spring-aspects-6.1.8.jar:/Users/ferdaous/.m2/repository/org/springframework/boot/spring-boot-starter-webflux/3.2.6/spring-boot-starter-webflux-3.2.6.jar:/Users/ferdaous/.m2/repository/org/springframework/boot/spring-boot-starter-reactor-netty/3.2.6/spring-boot-starter-reactor-netty-3.2.6.jar:/Users/ferdaous/.m2/repository/io/projectreactor/netty/reactor-netty-http/1.1.19/reactor-netty-http-1.1.19.jar:/Users/ferdaous/.m2/repository/io/netty/netty-codec-http/4.1.110.Final/netty-codec-http-4.1.110.Final.jar:/Users/ferdaous/.m2/repository/io/netty/netty-codec-http2/4.1.110.Final/netty-codec-http2-4.1.110.Final.jar:/Users/ferdaous/.m2/repository/io/netty/netty-resolver-dns-native-macos/4.1.110.Final/netty-resolver-dns-native-macos-4.1.110.Final-osx-x86_64.jar:/Users/ferdaous/.m2/repository/io/netty/netty-transport-native-epoll/4.1.110.Final/netty-transport-native-epoll-4.1.110.Final-linux-x86_64.jar:/Users/ferdaous/.m2/repository/io/netty/netty-transport-classes-epoll/4.1.110.Final/netty-transport-classes-epoll-4.1.110.Final.jar:/Users/ferdaous/.m2/repository/io/projectreactor/netty/reactor-netty-core/1.1.19/reactor-netty-core-1.1.19.jar:/Users/ferdaous/.m2/repository/io/netty/netty-handler-proxy/4.1.110.Final/netty-handler-proxy-4.1.110.Final.jar:/Users/ferdaous/.m2/repository/io/netty/netty-codec-socks/4.1.110.Final/netty-codec-socks-4.1.110.Final.jar:/Users/ferdaous/.m2/repository/org/springframework/spring-webflux/6.1.8/spring-webflux-6.1.8.jar:/Users/ferdaous/.m2/repository/io/projectreactor/reactor-core/3.6.6/reactor-core-3.6.6.jar:/Users/ferdaous/.m2/repository/org/reactivestreams/reactive-streams/1.0.4/reactive-streams-1.0.4.jar:/Users/ferdaous/.m2/repository/org/springframework/boot/spring-boot-starter-mail/3.2.6/spring-boot-starter-mail-3.2.6.jar:/Users/ferdaous/.m2/repository/org/springframework/spring-context-support/6.1.8/spring-context-support-6.1.8.jar:/Users/ferdaous/.m2/repository/org/springframework/boot/spring-boot-starter-validation/3.2.6/spring-boot-starter-validation-3.2.6.jar:/Users/ferdaous/.m2/repository/org/apache/tomcat/embed/tomcat-embed-el/10.1.24/tomcat-embed-el-10.1.24.jar:/Users/ferdaous/.m2/repository/org/hibernate/validator/hibernate-validator/8.0.1.Final/hibernate-validator-8.0.1.Final.jar:/Users/ferdaous/.m2/repository/jakarta/validation/jakarta.validation-api/3.0.2/jakarta.validation-api-3.0.2.jar:/Users/ferdaous/.m2/repository/com/itextpdf/barcodes/7.2.0/barcodes-7.2.0.jar:/Users/ferdaous/.m2/repository/com/itextpdf/font-asian/7.2.0/font-asian-7.2.0.jar:/Users/ferdaous/.m2/repository/com/itextpdf/forms/7.2.0/forms-7.2.0.jar:/Users/ferdaous/.m2/repository/com/itextpdf/hyph/7.2.0/hyph-7.2.0.jar:/Users/ferdaous/.m2/repository/com/itextpdf/io/7.2.0/io-7.2.0.jar:/Users/ferdaous/.m2/repository/com/itextpdf/commons/7.2.0/commons-7.2.0.jar:/Users/ferdaous/.m2/repository/com/itextpdf/kernel/7.2.0/kernel-7.2.0.jar:/Users/ferdaous/.m2/repository/org/bouncycastle/bcpkix-jdk15on/1.68/bcpkix-jdk15on-1.68.jar:/Users/ferdaous/.m2/repository/org/bouncycastle/bcprov-jdk15on/1.68/bcprov-jdk15on-1.68.jar:/Users/ferdaous/.m2/repository/com/itextpdf/layout/7.2.0/layout-7.2.0.jar:/Users/ferdaous/.m2/repository/com/itextpdf/pdfa/7.2.0/pdfa-7.2.0.jar:/Users/ferdaous/.m2/repository/com/itextpdf/sign/7.2.0/sign-7.2.0.jar:/Users/ferdaous/.m2/repository/com/itextpdf/styled-xml-parser/7.2.0/styled-xml-parser-7.2.0.jar:/Users/ferdaous/.m2/repository/com/itextpdf/svg/7.2.0/svg-7.2.0.jar:/Users/ferdaous/.m2/repository/io/jsonwebtoken/jjwt-api/0.11.5/jjwt-api-0.11.5.jar:/Users/ferdaous/.m2/repository/io/jsonwebtoken/jjwt-impl/0.11.5/jjwt-impl-0.11.5.jar:/Users/ferdaous/.m2/repository/io/jsonwebtoken/jjwt-jackson/0.11.5/jjwt-jackson-0.11.5.jar:/Users/ferdaous/.m2/repository/com/fasterxml/jackson/core/jackson-databind/2.15.4/jackson-databind-2.15.4.jar:/Users/ferdaous/.m2/repository/com/fasterxml/jackson/core/jackson-annotations/2.15.4/jackson-annotations-2.15.4.jar:/Users/ferdaous/.m2/repository/com/fasterxml/jackson/core/jackson-core/2.15.4/jackson-core-2.15.4.jar:/Users/ferdaous/.m2/repository/org/springframework/boot/spring-boot-devtools/3.2.6/spring-boot-devtools-3.2.6.jar:/Users/ferdaous/.m2/repository/org/springframework/boot/spring-boot/3.2.6/spring-boot-3.2.6.jar:/Users/ferdaous/.m2/repository/org/springframework/boot/spring-boot-autoconfigure/3.2.6/spring-boot-autoconfigure-3.2.6.jar:/Users/ferdaous/.m2/repository/org/springframework/boot/spring-boot-starter-test/3.2.6/spring-boot-starter-test-3.2.6.jar:/Users/ferdaous/.m2/repository/org/springframework/boot/spring-boot-test/3.2.6/spring-boot-test-3.2.6.jar:/Users/ferdaous/.m2/repository/org/springframework/boot/spring-boot-test-autoconfigure/3.2.6/spring-boot-test-autoconfigure-3.2.6.jar:/Users/ferdaous/.m2/repository/com/jayway/jsonpath/json-path/2.9.0/json-path-2.9.0.jar:/Users/ferdaous/.m2/repository/jakarta/xml/bind/jakarta.xml.bind-api/4.0.2/jakarta.xml.bind-api-4.0.2.jar:/Users/ferdaous/.m2/repository/net/minidev/json-smart/2.5.1/json-smart-2.5.1.jar:/Users/ferdaous/.m2/repository/net/minidev/accessors-smart/2.5.1/accessors-smart-2.5.1.jar:/Users/ferdaous/.m2/repository/org/ow2/asm/asm/9.6/asm-9.6.jar:/Users/ferdaous/.m2/repository/org/assertj/assertj-core/3.24.2/assertj-core-3.24.2.jar:/Users/ferdaous/.m2/repository/org/awaitility/awaitility/4.2.1/awaitility-4.2.1.jar:/Users/ferdaous/.m2/repository/org/hamcrest/hamcrest/2.2/hamcrest-2.2.jar:/Users/ferdaous/.m2/repository/org/junit/jupiter/junit-jupiter/5.10.2/junit-jupiter-5.10.2.jar:/Users/ferdaous/.m2/repository/org/junit/jupiter/junit-jupiter-api/5.10.2/junit-jupiter-api-5.10.2.jar:/Users/ferdaous/.m2/repository/org/opentest4j/opentest4j/1.3.0/opentest4j-1.3.0.jar:/Users/ferdaous/.m2/repository/org/junit/platform/junit-platform-commons/1.10.2/junit-platform-commons-1.10.2.jar:/Users/ferdaous/.m2/repository/org/apiguardian/apiguardian-api/1.1.2/apiguardian-api-1.1.2.jar:/Users/ferdaous/.m2/repository/org/junit/jupiter/junit-jupiter-params/5.10.2/junit-jupiter-params-5.10.2.jar:/Users/ferdaous/.m2/repository/org/junit/jupiter/junit-jupiter-engine/5.10.2/junit-jupiter-engine-5.10.2.jar:/Users/ferdaous/.m2/repository/org/junit/platform/junit-platform-engine/1.10.2/junit-platform-engine-1.10.2.jar:/Users/ferdaous/.m2/repository/org/mockito/mockito-core/5.7.0/mockito-core-5.7.0.jar:/Users/ferdaous/.m2/repository/net/bytebuddy/byte-buddy-agent/1.14.16/byte-buddy-agent-1.14.16.jar:/Users/ferdaous/.m2/repository/org/objenesis/objenesis/3.3/objenesis-3.3.jar:/Users/ferdaous/.m2/repository/org/mockito/mockito-junit-jupiter/5.7.0/mockito-junit-jupiter-5.7.0.jar:/Users/ferdaous/.m2/repository/org/skyscreamer/jsonassert/1.5.1/jsonassert-1.5.1.jar:/Users/ferdaous/.m2/repository/com/vaadin/external/google/android-json/0.0.20131108.vaadin1/android-json-0.0.20131108.vaadin1.jar:/Users/ferdaous/.m2/repository/org/springframework/spring-core/6.1.8/spring-core-6.1.8.jar:/Users/ferdaous/.m2/repository/org/springframework/spring-jcl/6.1.8/spring-jcl-6.1.8.jar:/Users/ferdaous/.m2/repository/org/springframework/spring-test/6.1.8/spring-test-6.1.8.jar:/Users/ferdaous/.m2/repository/org/xmlunit/xmlunit-core/2.9.1/xmlunit-core-2.9.1.jar:/Users/ferdaous/.m2/repository/org/springframework/security/spring-security-test/6.2.4/spring-security-test-6.2.4.jar:/Users/ferdaous/.m2/repository/org/springframework/security/spring-security-core/6.2.4/spring-security-core-6.2.4.jar:/Users/ferdaous/.m2/repository/org/springframework/security/spring-security-crypto/6.2.4/spring-security-crypto-6.2.4.jar:/Users/ferdaous/.m2/repository/org/springdoc/springdoc-openapi-starter-webmvc-ui/2.0.3/springdoc-openapi-starter-webmvc-ui-2.0.3.jar:/Users/ferdaous/.m2/repository/org/springdoc/springdoc-openapi-starter-webmvc-api/2.0.3/springdoc-openapi-starter-webmvc-api-2.0.3.jar:/Users/ferdaous/.m2/repository/org/springdoc/springdoc-openapi-starter-common/2.0.3/springdoc-openapi-starter-common-2.0.3.jar:/Users/ferdaous/.m2/repository/io/swagger/core/v3/swagger-core-jakarta/2.2.8/swagger-core-jakarta-2.2.8.jar:/Users/ferdaous/.m2/repository/io/swagger/core/v3/swagger-annotations-jakarta/2.2.8/swagger-annotations-jakarta-2.2.8.jar:/Users/ferdaous/.m2/repository/io/swagger/core/v3/swagger-models-jakarta/2.2.8/swagger-models-jakarta-2.2.8.jar:/Users/ferdaous/.m2/repository/com/fasterxml/jackson/dataformat/jackson-dataformat-yaml/2.15.4/jackson-dataformat-yaml-2.15.4.jar:/Users/ferdaous/.m2/repository/org/webjars/swagger-ui/4.17.1/swagger-ui-4.17.1.jar:/Users/ferdaous/.m2/repository/org/webjars/webjars-locator-core/0.55/webjars-locator-core-0.55.jar:/Users/ferdaous/.m2/repository/io/github/classgraph/classgraph/4.8.149/classgraph-4.8.149.jar:"/>
    <property name="sun.cpu.endian" value="little"/>
    <property name="user.home" value="/Users/ferdaous"/>
    <property name="user.language" value="en"/>
    <property name="java.specification.vendor" value="Oracle Corporation"/>
    <property name="java.version.date" value="2024-07-16"/>
    <property name="java.home" value="/Library/Java/JavaVirtualMachines/jdk-17.jdk/Contents/Home"/>
    <property name="file.separator" value="/"/>
    <property name="basedir" value="/Users/ferdaous/Desktop/Dev/Jems-Dev/JEMS AO/jemsao-backend"/>
    <property name="java.vm.compressedOopsMode" value="Zero based"/>
    <property name="line.separator" value="&#10;"/>
    <property name="java.vm.specification.vendor" value="Oracle Corporation"/>
    <property name="java.specification.name" value="Java Platform API Specification"/>
    <property name="FILE_LOG_CHARSET" value="UTF-8"/>
    <property name="java.awt.headless" value="true"/>
    <property name="surefire.real.class.path" value="/Users/ferdaous/Desktop/Dev/Jems-Dev/JEMS AO/jemsao-backend/target/surefire/surefirebooter-20250312003953383_3.jar"/>
    <property name="sun.management.compiler" value="HotSpot 64-Bit Tiered Compilers"/>
    <property name="ftp.nonProxyHosts" value="local|*.local|169.254/16|*.169.254/16"/>
    <property name="java.runtime.version" value="17.0.12+8-LTS-286"/>
    <property name="user.name" value="ferdaous"/>
    <property name="path.separator" value=":"/>
    <property name="os.version" value="15.3.1"/>
    <property name="java.runtime.name" value="Java(TM) SE Runtime Environment"/>
    <property name="file.encoding" value="UTF-8"/>
    <property name="java.vm.name" value="Java HotSpot(TM) 64-Bit Server VM"/>
    <property name="localRepository" value="/Users/ferdaous/.m2/repository"/>
    <property name="java.vendor.url.bug" value="https://bugreport.java.com/bugreport/"/>
    <property name="java.io.tmpdir" value="/var/folders/ck/0mt3mxx544v_g64mlql26rzc0000gn/T/"/>
    <property name="java.version" value="17.0.12"/>
    <property name="user.dir" value="/Users/ferdaous/Desktop/Dev/Jems-Dev/JEMS AO/jemsao-backend"/>
    <property name="os.arch" value="x86_64"/>
    <property name="java.vm.specification.name" value="Java Virtual Machine Specification"/>
    <property name="PID" value="44009"/>
    <property name="CONSOLE_LOG_CHARSET" value="UTF-8"/>
    <property name="native.encoding" value="UTF-8"/>
    <property name="java.library.path" value="/Users/ferdaous/Library/Java/Extensions:/Library/Java/Extensions:/Network/Library/Java/Extensions:/System/Library/Java/Extensions:/usr/lib/java:."/>
    <property name="java.vm.info" value="mixed mode, sharing"/>
    <property name="java.vendor" value="Oracle Corporation"/>
    <property name="java.vm.version" value="17.0.12+8-LTS-286"/>
    <property name="sun.io.unicode.encoding" value="UnicodeBig"/>
    <property name="socksNonProxyHosts" value="local|*.local|169.254/16|*.169.254/16"/>
    <property name="java.class.version" value="61.0"/>
    <property name="LOGGED_APPLICATION_NAME" value="[AIGen] "/>
  </properties>
  <testcase name="contextLoads" classname="com.example.AIGen.AiGenApplicationTests" time="0.808">
    <system-out><![CDATA[Standard Commons Logging discovery in action with spring-jcl: please remove commons-logging.jar from classpath in order to avoid potential conflicts
00:39:54.113 [main] INFO org.springframework.test.context.support.AnnotationConfigContextLoaderUtils -- Could not detect default configuration classes for test class [com.example.AIGen.AiGenApplicationTests]: AiGenApplicationTests does not declare any static, non-private, non-final, nested classes annotated with @Configuration.
00:39:54.227 [main] INFO org.springframework.boot.test.context.SpringBootTestContextBootstrapper -- Found @SpringBootConfiguration com.example.AIGen.AiGenApplication for test class com.example.AIGen.AiGenApplicationTests
00:39:54.364 [main] INFO org.springframework.boot.devtools.restart.RestartApplicationListener -- Restart disabled due to context in which it is running

  .   ____          _            __ _ _
 /\\ / ___'_ __ _ _(_)_ __  __ _ \ \ \ \
( ( )\___ | '_ | '_| | '_ \/ _` | \ \ \ \
 \\/  ___)| |_)| | | | | || (_| |  ) ) ) )
  '  |____| .__|_| |_|_| |_\__, | / / / /
 =========|_|==============|___/=/_/_/_/
 :: Spring Boot ::                (v3.2.6)

2025-03-12T00:39:54.629+01:00  WARN 44009 --- [AIGen] [           main] ory$DuplicateJsonObjectContextCustomizer : 

Found multiple occurrences of org.json.JSONObject on the class path:

	jar:file:/Users/ferdaous/.m2/repository/org/json/json/20210307/json-20210307.jar!/org/json/JSONObject.class
	jar:file:/Users/ferdaous/.m2/repository/com/vaadin/external/google/android-json/0.0.20131108.vaadin1/android-json-0.0.20131108.vaadin1.jar!/org/json/JSONObject.class

You may wish to exclude one of them to ensure predictable runtime behavior

2025-03-12T00:39:54.646+01:00  INFO 44009 --- [AIGen] [           main] c.example.AIGen.AiGenApplicationTests    : Starting AiGenApplicationTests using Java 17.0.12 with PID 44009 (started by ferdaous in /Users/ferdaous/Desktop/Dev/Jems-Dev/JEMS AO/jemsao-backend)
2025-03-12T00:39:54.647+01:00  INFO 44009 --- [AIGen] [           main] c.example.AIGen.AiGenApplicationTests    : No active profile set, falling back to 1 default profile: "default"
2025-03-12T00:39:55.547+01:00  INFO 44009 --- [AIGen] [           main] .s.d.r.c.RepositoryConfigurationDelegate : Multiple Spring Data modules found, entering strict repository configuration mode
2025-03-12T00:39:55.549+01:00  INFO 44009 --- [AIGen] [           main] .s.d.r.c.RepositoryConfigurationDelegate : Bootstrapping Spring Data MongoDB repositories in DEFAULT mode.
2025-03-12T00:39:55.708+01:00  INFO 44009 --- [AIGen] [           main] .s.d.r.c.RepositoryConfigurationDelegate : Finished Spring Data repository scanning in 154 ms. Found 9 MongoDB repository interfaces.
2025-03-12T00:39:56.351+01:00  INFO 44009 --- [AIGen] [           main] org.mongodb.driver.client                : MongoClient with metadata {"driver": {"name": "mongo-java-driver|sync|spring-boot", "version": "4.11.2"}, "os": {"type": "Darwin", "name": "Mac OS X", "architecture": "x86_64", "version": "15.3.1"}, "platform": "Java/Oracle Corporation/17.0.12+8-LTS-286"} created with settings MongoClientSettings{readPreference=primary, writeConcern=WriteConcern{w=null, wTimeout=null ms, journal=null}, retryWrites=true, retryReads=true, readConcern=ReadConcern{level=null}, credential=null, transportSettings=null, streamFactoryFactory=null, commandListeners=[], codecRegistry=ProvidersCodecRegistry{codecProviders=[ValueCodecProvider{}, BsonValueCodecProvider{}, DBRefCodecProvider{}, DBObjectCodecProvider{}, DocumentCodecProvider{}, CollectionCodecProvider{}, IterableCodecProvider{}, MapCodecProvider{}, GeoJsonCodecProvider{}, GridFSFileCodecProvider{}, Jsr310CodecProvider{}, JsonObjectCodecProvider{}, BsonCodecProvider{}, EnumCodecProvider{}, com.mongodb.client.model.mql.ExpressionCodecProvider@212fafd1, com.mongodb.Jep395RecordCodecProvider@448462f0, com.mongodb.KotlinCodecProvider@787988f4]}, loggerSettings=LoggerSettings{maxDocumentLength=1000}, clusterSettings={hosts=[192.168.60.129:27017], srvServiceName=mongodb, mode=SINGLE, requiredClusterType=UNKNOWN, requiredReplicaSetName='null', serverSelector='null', clusterListeners='[]', serverSelectionTimeout='30000 ms', localThreshold='15 ms'}, socketSettings=SocketSettings{connectTimeoutMS=10000, readTimeoutMS=0, receiveBufferSize=0, proxySettings=ProxySettings{host=null, port=null, username=null, password=null}}, heartbeatSocketSettings=SocketSettings{connectTimeoutMS=10000, readTimeoutMS=10000, receiveBufferSize=0, proxySettings=ProxySettings{host=null, port=null, username=null, password=null}}, connectionPoolSettings=ConnectionPoolSettings{maxSize=100, minSize=0, maxWaitTimeMS=120000, maxConnectionLifeTimeMS=0, maxConnectionIdleTimeMS=0, maintenanceInitialDelayMS=0, maintenanceFrequencyMS=60000, connectionPoolListeners=[], maxConnecting=2}, serverSettings=ServerSettings{heartbeatFrequencyMS=10000, minHeartbeatFrequencyMS=500, serverListeners='[]', serverMonitorListeners='[]'}, sslSettings=SslSettings{enabled=false, invalidHostNameAllowed=false, context=null}, applicationName='null', compressorList=[], uuidRepresentation=JAVA_LEGACY, serverApi=null, autoEncryptionSettings=null, dnsClient=null, inetAddressResolver=null, contextProvider=null}
2025-03-12T00:39:56.921+01:00 DEBUG 44009 --- [AIGen] [           main] i.n.u.i.logging.InternalLoggerFactory    : Using SLF4J as the default logging framework
2025-03-12T00:39:56.924+01:00 DEBUG 44009 --- [AIGen] [           main] i.n.util.internal.PlatformDependent0     : -Dio.netty.noUnsafe: false
2025-03-12T00:39:56.924+01:00 DEBUG 44009 --- [AIGen] [           main] i.n.util.internal.PlatformDependent0     : Java version: 17
2025-03-12T00:39:56.925+01:00 DEBUG 44009 --- [AIGen] [           main] i.n.util.internal.PlatformDependent0     : sun.misc.Unsafe.theUnsafe: available
2025-03-12T00:39:56.926+01:00 DEBUG 44009 --- [AIGen] [           main] i.n.util.internal.PlatformDependent0     : sun.misc.Unsafe.copyMemory: available
2025-03-12T00:39:56.926+01:00 DEBUG 44009 --- [AIGen] [           main] i.n.util.internal.PlatformDependent0     : sun.misc.Unsafe.storeFence: available
2025-03-12T00:39:56.927+01:00 DEBUG 44009 --- [AIGen] [           main] i.n.util.internal.PlatformDependent0     : java.nio.Buffer.address: available
2025-03-12T00:39:56.927+01:00 DEBUG 44009 --- [AIGen] [           main] i.n.util.internal.PlatformDependent0     : direct buffer constructor: unavailable: Reflective setAccessible(true) disabled
2025-03-12T00:39:56.928+01:00 DEBUG 44009 --- [AIGen] [           main] i.n.util.internal.PlatformDependent0     : java.nio.Bits.unaligned: available, true
2025-03-12T00:39:56.929+01:00 DEBUG 44009 --- [AIGen] [           main] i.n.util.internal.PlatformDependent0     : jdk.internal.misc.Unsafe.allocateUninitializedArray(int): unavailable: class io.netty.util.internal.PlatformDependent0$7 cannot access class jdk.internal.misc.Unsafe (in module java.base) because module java.base does not export jdk.internal.misc to unnamed module @245a618e
2025-03-12T00:39:56.931+01:00 DEBUG 44009 --- [AIGen] [           main] i.n.util.internal.PlatformDependent0     : java.nio.DirectByteBuffer.<init>(long, {int,long}): unavailable
2025-03-12T00:39:56.931+01:00 DEBUG 44009 --- [AIGen] [           main] i.netty.util.internal.PlatformDependent  : sun.misc.Unsafe: available
2025-03-12T00:39:56.932+01:00 DEBUG 44009 --- [AIGen] [           main] i.netty.util.internal.PlatformDependent  : -Dio.netty.tmpdir: /var/folders/ck/0mt3mxx544v_g64mlql26rzc0000gn/T (java.io.tmpdir)
2025-03-12T00:39:56.932+01:00 DEBUG 44009 --- [AIGen] [           main] i.netty.util.internal.PlatformDependent  : -Dio.netty.bitMode: 64 (sun.arch.data.model)
2025-03-12T00:39:56.932+01:00 DEBUG 44009 --- [AIGen] [           main] i.netty.util.internal.PlatformDependent  : Platform: MacOS
2025-03-12T00:39:56.933+01:00 DEBUG 44009 --- [AIGen] [           main] i.netty.util.internal.PlatformDependent  : -Dio.netty.maxDirectMemory: -1 bytes
2025-03-12T00:39:56.933+01:00 DEBUG 44009 --- [AIGen] [           main] i.netty.util.internal.PlatformDependent  : -Dio.netty.uninitializedArrayAllocationThreshold: -1
2025-03-12T00:39:56.934+01:00 DEBUG 44009 --- [AIGen] [           main] io.netty.util.internal.CleanerJava9      : java.nio.ByteBuffer.cleaner(): available
2025-03-12T00:39:56.934+01:00 DEBUG 44009 --- [AIGen] [           main] i.netty.util.internal.PlatformDependent  : -Dio.netty.noPreferDirect: false
2025-03-12T00:39:56.966+01:00 DEBUG 44009 --- [AIGen] [           main] i.n.u.internal.InternalThreadLocalMap    : -Dio.netty.threadLocalMap.stringBuilder.initialSize: 1024
2025-03-12T00:39:56.967+01:00 DEBUG 44009 --- [AIGen] [           main] i.n.u.internal.InternalThreadLocalMap    : -Dio.netty.threadLocalMap.stringBuilder.maxSize: 4096
2025-03-12T00:39:57.004+01:00 DEBUG 44009 --- [AIGen] [           main] io.netty.util.ResourceLeakDetector       : -Dio.netty.leakDetection.level: simple
2025-03-12T00:39:57.004+01:00 DEBUG 44009 --- [AIGen] [           main] io.netty.util.ResourceLeakDetector       : -Dio.netty.leakDetection.targetRecords: 4
2025-03-12T00:39:57.034+01:00 DEBUG 44009 --- [AIGen] [           main] i.n.channel.MultithreadEventLoopGroup    : -Dio.netty.eventLoopThreads: 32
2025-03-12T00:39:57.044+01:00 DEBUG 44009 --- [AIGen] [           main] i.n.util.concurrent.GlobalEventExecutor  : -Dio.netty.globalEventExecutor.quietPeriodSeconds: 1
2025-03-12T00:39:57.052+01:00 DEBUG 44009 --- [AIGen] [           main] io.netty.channel.nio.NioEventLoop        : -Dio.netty.noKeySetOptimization: false
2025-03-12T00:39:57.052+01:00 DEBUG 44009 --- [AIGen] [           main] io.netty.channel.nio.NioEventLoop        : -Dio.netty.selectorAutoRebuildThreshold: 512
2025-03-12T00:39:57.057+01:00 DEBUG 44009 --- [AIGen] [           main] i.netty.util.internal.PlatformDependent  : org.jctools-core.MpscChunkedArrayQueue: available
2025-03-12T00:39:57.075+01:00 DEBUG 44009 --- [AIGen] [           main] io.netty.util.NetUtil                    : -Djava.net.preferIPv4Stack: false
2025-03-12T00:39:57.076+01:00 DEBUG 44009 --- [AIGen] [           main] io.netty.util.NetUtil                    : -Djava.net.preferIPv6Addresses: false
2025-03-12T00:39:57.085+01:00 DEBUG 44009 --- [AIGen] [           main] io.netty.util.NetUtilInitializations     : Loopback interface: lo0 (lo0, 0:0:0:0:0:0:0:1%lo0)
2025-03-12T00:39:57.086+01:00 DEBUG 44009 --- [AIGen] [           main] io.netty.util.NetUtil                    : Failed to get SOMAXCONN from sysctl and file /proc/sys/net/core/somaxconn. Default: 128
2025-03-12T00:39:57.086+01:00 DEBUG 44009 --- [AIGen] [           main] io.netty.resolver.dns.DnsNameResolver    : Default ResolvedAddressTypes: IPV4_ONLY
2025-03-12T00:39:57.087+01:00 DEBUG 44009 --- [AIGen] [           main] io.netty.resolver.dns.DnsNameResolver    : Localhost address: localhost/127.0.0.1
2025-03-12T00:39:57.087+01:00 DEBUG 44009 --- [AIGen] [           main] io.netty.resolver.dns.DnsNameResolver    : Windows hostname: null
2025-03-12T00:39:57.089+01:00 DEBUG 44009 --- [AIGen] [           main] io.netty.resolver.dns.DnsNameResolver    : Default search domains: []
2025-03-12T00:39:57.090+01:00 DEBUG 44009 --- [AIGen] [           main] io.netty.resolver.dns.DnsNameResolver    : Default UnixResolverOptions{ndots=1, timeout=5, attempts=16}
2025-03-12T00:39:57.094+01:00 DEBUG 44009 --- [AIGen] [           main] i.n.r.DefaultHostsFileEntriesResolver    : -Dio.netty.hostsFileRefreshInterval: 0
2025-03-12T00:39:57.100+01:00 DEBUG 44009 --- [AIGen] [           main] i.n.util.internal.NativeLibraryLoader    : -Dio.netty.native.workdir: /var/folders/ck/0mt3mxx544v_g64mlql26rzc0000gn/T (io.netty.tmpdir)
2025-03-12T00:39:57.100+01:00 DEBUG 44009 --- [AIGen] [           main] i.n.util.internal.NativeLibraryLoader    : -Dio.netty.native.deleteLibAfterLoading: true
2025-03-12T00:39:57.100+01:00 DEBUG 44009 --- [AIGen] [           main] i.n.util.internal.NativeLibraryLoader    : -Dio.netty.native.tryPatchShadedId: true
2025-03-12T00:39:57.100+01:00 DEBUG 44009 --- [AIGen] [           main] i.n.util.internal.NativeLibraryLoader    : -Dio.netty.native.detectNativeLibraryDuplicates: true
2025-03-12T00:39:57.467+01:00 DEBUG 44009 --- [AIGen] [           main] i.n.util.internal.NativeLibraryLoader    : Successfully loaded the library /var/folders/ck/0mt3mxx544v_g64mlql26rzc0000gn/T/libnetty_resolver_dns_native_macos_x86_646181358485816275619.dylib
2025-03-12T00:39:57.470+01:00 DEBUG 44009 --- [AIGen] [           main] i.n.r.d.DnsServerAddressStreamProviders  : io.netty.resolver.dns.macos.MacOSDnsServerAddressStreamProvider: available
2025-03-12T00:39:59.115+01:00  INFO 44009 --- [AIGen] [           main] o.s.s.web.DefaultSecurityFilterChain     : Will secure any request with [org.springframework.security.web.session.DisableEncodeUrlFilter@44dcc0e4, org.springframework.security.web.context.request.async.WebAsyncManagerIntegrationFilter@2114eb1a, org.springframework.security.web.context.SecurityContextHolderFilter@2c8f65da, org.springframework.security.web.header.HeaderWriterFilter@4a49919c, org.springframework.web.filter.CorsFilter@7e514482, org.springframework.security.web.authentication.logout.LogoutFilter@21022cbb, com.example.AIGen.security.jwt.AuthTokenFilter@3ba96967, org.springframework.security.web.savedrequest.RequestCacheAwareFilter@1f0f92f5, org.springframework.security.web.servletapi.SecurityContextHolderAwareRequestFilter@7430ed93, org.springframework.security.web.authentication.AnonymousAuthenticationFilter@1e5e3147, org.springframework.security.web.session.SessionManagementFilter@68b3979d, org.springframework.security.web.access.ExceptionTranslationFilter@68a94e58, org.springframework.security.web.access.intercept.AuthorizationFilter@331ad6eb]
2025-03-12T00:39:59.523+01:00  WARN 44009 --- [AIGen] [           main] ion$DefaultTemplateResolverConfiguration : Cannot find template location: classpath:/templates/ (please add some templates, check your Thymeleaf configuration, or set spring.thymeleaf.check-template-location=false)
2025-03-12T00:39:59.576+01:00  INFO 44009 --- [AIGen] [           main] c.example.AIGen.AiGenApplicationTests    : Started AiGenApplicationTests in 5.221 seconds (process running for 6.112)
]]></system-out>
  </testcase>
</testsuite>